<?xml version="1.0" encoding="UTF-8"?>
<!-- Generated by org.testng.reporters.JUnitXMLReporter -->
<testsuite hostname="Alia_PC" ignored="0" name="Surefire test" tests="7" failures="0" timestamp="2021-11-02T10:58:20 WAT" time="0.086" errors="0">
  <testcase name="estSucces on estSucces(iset.sem31.tp3.Analyseur2Test)" time="0.012" classname="iset.sem31.tp3.Analyseur2Test"/>
  <testcase name="estValide on estValide(iset.sem31.tp3.Analyseur2Test)" time="0.011" classname="iset.sem31.tp3.Analyseur2Test"/>
  <testcase name="estSucces on estSucces(iset.sem31.tp3.Analyseur3Test)" time="0.002" classname="iset.sem31.tp3.Analyseur3Test"/>
  <testcase name="estValide on estValide(iset.sem31.tp3.Analyseur3Test)" time="0.002" classname="iset.sem31.tp3.Analyseur3Test"/>
  <testcase name="estValide on estValide(iset.sem31.tp3.AnalyseurTest)" time="0.003" classname="iset.sem31.tp3.AnalyseurTest"/>
  <testcase name="analyserSucces on analyserSucces(iset.sem31.tp3.AnalyseurTest)" time="0.003" classname="iset.sem31.tp3.AnalyseurTest"/>
  <testcase name="shouldAnswerWithTrue on shouldAnswerWithTrue(iset.sem31.tp3.AppTest)" time="0.001" classname="iset.sem31.tp3.AppTest"/>
</testsuite> <!-- Surefire test -->
