<?xml version="1.0" encoding="UTF-8"?>
<testng-results skipped="0" failed="0" ignored="0" total="7" passed="7">
  <reporter-output>
  </reporter-output>
  <suite name="Surefire suite" duration-ms="78" started-at="2021-11-16T08:28:35 WAT" finished-at="2021-11-16T08:28:35 WAT">
    <groups>
    </groups>
    <test name="Surefire test" duration-ms="78" started-at="2021-11-16T08:28:35 WAT" finished-at="2021-11-16T08:28:35 WAT">
      <class name="iset.sem31.tp3.Analyseur3Test">
        <test-method status="PASS" signature="estSucces()" name="estSucces" duration-ms="4" started-at="2021-11-16T08:28:35 WAT" finished-at="2021-11-16T08:28:35 WAT">
          <reporter-output>
          </reporter-output>
        </test-method> <!-- estSucces -->
        <test-method status="PASS" signature="estValide()" name="estValide" duration-ms="4" started-at="2021-11-16T08:28:35 WAT" finished-at="2021-11-16T08:28:35 WAT">
          <reporter-output>
          </reporter-output>
        </test-method> <!-- estValide -->
      </class> <!-- iset.sem31.tp3.Analyseur3Test -->
      <class name="iset.sem31.tp3.AppTest">
        <test-method status="PASS" signature="shouldAnswerWithTrue()" name="shouldAnswerWithTrue" duration-ms="0" started-at="2021-11-16T08:28:35 WAT" finished-at="2021-11-16T08:28:35 WAT">
          <reporter-output>
          </reporter-output>
        </test-method> <!-- shouldAnswerWithTrue -->
      </class> <!-- iset.sem31.tp3.AppTest -->
      <class name="iset.sem31.tp3.AnalyseurTest">
        <test-method status="PASS" signature="estValide()" name="estValide" duration-ms="2" started-at="2021-11-16T08:28:35 WAT" finished-at="2021-11-16T08:28:35 WAT">
          <reporter-output>
          </reporter-output>
        </test-method> <!-- estValide -->
        <test-method status="PASS" signature="analyserSucces()" name="analyserSucces" duration-ms="2" started-at="2021-11-16T08:28:35 WAT" finished-at="2021-11-16T08:28:35 WAT">
          <reporter-output>
          </reporter-output>
        </test-method> <!-- analyserSucces -->
      </class> <!-- iset.sem31.tp3.AnalyseurTest -->
      <class name="iset.sem31.tp3.Analyseur2Test">
        <test-method status="PASS" signature="estSucces()" name="estSucces" duration-ms="13" started-at="2021-11-16T08:28:35 WAT" finished-at="2021-11-16T08:28:35 WAT">
          <reporter-output>
          </reporter-output>
        </test-method> <!-- estSucces -->
        <test-method status="PASS" signature="estValide()" name="estValide" duration-ms="12" started-at="2021-11-16T08:28:35 WAT" finished-at="2021-11-16T08:28:35 WAT">
          <reporter-output>
          </reporter-output>
        </test-method> <!-- estValide -->
      </class> <!-- iset.sem31.tp3.Analyseur2Test -->
    </test> <!-- Surefire test -->
  </suite> <!-- Surefire suite -->
</testng-results>
